This is pdfTeX, Version 3.14159265-2.6-1.40.21 (MiKTeX 20.10) (preloaded format=pdflatex 2022.3.26)  22 APR 2022 09:08
entering extended mode
**c:/Users/abrah/OneDrive/Documents/Code/latex/L02_Lipa_Calabilla/Informe.tex
(c:/Users/abrah/OneDrive/Documents/Code/latex/L02_Lipa_Calabilla/Informe.tex
LaTeX2e <2020-10-01> patch level 1
L3 programming layer <2020-10-05> xparse <2020-03-03> ("C:\Program Files\MiKTeX\tex/latex/base\article.cls"
Document Class: article 2020/04/10 v1.4m Standard LaTeX document class
("C:\Program Files\MiKTeX\tex/latex/base\size12.clo"
File: size12.clo 2020/04/10 v1.4m Standard LaTeX file (size option)
)
\c@part=\count175
\c@section=\count176
\c@subsection=\count177
\c@subsubsection=\count178
\c@paragraph=\count179
\c@subparagraph=\count180
\c@figure=\count181
\c@table=\count182
\abovecaptionskip=\skip47
\belowcaptionskip=\skip48
\bibindent=\dimen138
) ("C:\Program Files\MiKTeX\tex/latex/base\inputenc.sty"
Package: inputenc 2020/08/01 v1.3d Input encoding file
\inpenc@prehook=\toks15
\inpenc@posthook=\toks16
) ("C:\Program Files\MiKTeX\tex/generic/babel\babel.sty"
Package: babel 2020/10/06 3.50 The Babel package
 ("C:\Program Files\MiKTeX\tex/generic/babel\babel.def"
File: babel.def 2020/10/06 3.50 Babel common definitions
\babel@savecnt=\count183
\U@D=\dimen139
\l@babelnohyphens=\language79
 ("C:\Program Files\MiKTeX\tex/generic/babel\txtbabel.def")
\bbl@readstream=\read2
)
\bbl@dirlevel=\count184

*************************************
* Local config file bblopts.cfg used
*
("C:\Program Files\MiKTeX\tex/latex/arabi\bblopts.cfg"
File: bblopts.cfg 2005/09/08 v0.1 add Arabic and Farsi to "declared" options of babel
) ("C:\Program Files\MiKTeX\tex/latex/babel-spanish\spanish.ldf"
Language: spanish.ldf 2021/05/27 v5.0q Spanish support from the babel system
\es@quottoks=\toks17
\es@quotdepth=\count185
Package babel Info: Making " an active character on input line 570.
Package babel Info: Making . an active character on input line 675.
Package babel Info: Making < an active character on input line 722.
Package babel Info: Making > an active character on input line 722.
)) ("C:\Program Files\MiKTeX\tex/latex/graphics\graphicx.sty"
Package: graphicx 2020/09/09 v1.2b Enhanced LaTeX Graphics (DPC,SPQR)
 ("C:\Program Files\MiKTeX\tex/latex/graphics\keyval.sty"
Package: keyval 2014/10/28 v1.15 key=value parser (DPC)
\KV@toks@=\toks18
) ("C:\Program Files\MiKTeX\tex/latex/graphics\graphics.sty"
Package: graphics 2020/08/30 v1.4c Standard LaTeX Graphics (DPC,SPQR)
 ("C:\Program Files\MiKTeX\tex/latex/graphics\trig.sty"
Package: trig 2016/01/03 v1.10 sin cos tan (DPC)
) ("C:\Program Files\MiKTeX\tex/latex/graphics-cfg\graphics.cfg"
File: graphics.cfg 2016/06/04 v1.11 sample graphics configuration
)
Package graphics Info: Driver file: pdftex.def on input line 105.
 ("C:\Program Files\MiKTeX\tex/latex/graphics-def\pdftex.def"
File: pdftex.def 2020/10/05 v1.2a Graphics/color driver for pdftex
))
\Gin@req@height=\dimen140
\Gin@req@width=\dimen141
) ("C:\Program Files\MiKTeX\tex/latex/hyperref\hyperref.sty"
Package: hyperref 2020-05-15 v7.00e Hypertext links for LaTeX
 ("C:\Program Files\MiKTeX\tex/generic/ltxcmds\ltxcmds.sty"
Package: ltxcmds 2020-05-10 v1.25 LaTeX kernel commands for general use (HO)
) ("C:\Program Files\MiKTeX\tex/generic/iftex\iftex.sty"
Package: iftex 2020/03/06 v1.0d TeX engine tests
) ("C:\Program Files\MiKTeX\tex/generic/pdftexcmds\pdftexcmds.sty"
Package: pdftexcmds 2020-06-27 v0.33 Utility functions of pdfTeX for LuaTeX (HO)
 ("C:\Program Files\MiKTeX\tex/generic/infwarerr\infwarerr.sty"
Package: infwarerr 2019/12/03 v1.5 Providing info/warning/error messages (HO)
)
Package pdftexcmds Info: \pdf@primitive is available.
Package pdftexcmds Info: \pdf@ifprimitive is available.
Package pdftexcmds Info: \pdfdraftmode found.
) ("C:\Program Files\MiKTeX\tex/generic/kvsetkeys\kvsetkeys.sty"
Package: kvsetkeys 2019/12/15 v1.18 Key value parser (HO)
) ("C:\Program Files\MiKTeX\tex/generic/kvdefinekeys\kvdefinekeys.sty"
Package: kvdefinekeys 2019-12-19 v1.6 Define keys (HO)
) ("C:\Program Files\MiKTeX\tex/generic/pdfescape\pdfescape.sty"
Package: pdfescape 2019/12/09 v1.15 Implements pdfTeX's escape features (HO)
) ("C:\Program Files\MiKTeX\tex/latex/hycolor\hycolor.sty"
Package: hycolor 2020-01-27 v1.10 Color options for hyperref/bookmark (HO)
) ("C:\Program Files\MiKTeX\tex/latex/letltxmacro\letltxmacro.sty"
Package: letltxmacro 2019/12/03 v1.6 Let assignment for LaTeX macros (HO)
) ("C:\Program Files\MiKTeX\tex/latex/auxhook\auxhook.sty"
Package: auxhook 2019-12-17 v1.6 Hooks for auxiliary files (HO)
) ("C:\Program Files\MiKTeX\tex/latex/kvoptions\kvoptions.sty"
Package: kvoptions 2020-10-07 v3.14 Key value format for package options (HO)
)
\@linkdim=\dimen142
\Hy@linkcounter=\count186
\Hy@pagecounter=\count187
 ("C:\Program Files\MiKTeX\tex/latex/hyperref\pd1enc.def"
File: pd1enc.def 2020-05-15 v7.00e Hyperref: PDFDocEncoding definition (HO)
Now handling font encoding PD1 ...
... no UTF-8 mapping file for font encoding PD1
) ("C:\Program Files\MiKTeX\tex/generic/intcalc\intcalc.sty"
Package: intcalc 2019/12/15 v1.3 Expandable calculations with integers (HO)
) ("C:\Program Files\MiKTeX\tex/generic/etexcmds\etexcmds.sty"
Package: etexcmds 2019/12/15 v1.7 Avoid name clashes with e-TeX commands (HO)
)
\Hy@SavedSpaceFactor=\count188
Package hyperref Info: Hyper figures OFF on input line 4464.
Package hyperref Info: Link nesting OFF on input line 4469.
Package hyperref Info: Hyper index ON on input line 4472.
Package hyperref Info: Plain pages OFF on input line 4479.
Package hyperref Info: Backreferencing OFF on input line 4484.
Package hyperref Info: Implicit mode ON; LaTeX internals redefined.
Package hyperref Info: Bookmarks ON on input line 4717.
\c@Hy@tempcnt=\count189
 ("C:\Program Files\MiKTeX\tex/latex/url\url.sty"
\Urlmuskip=\muskip16
Package: url 2013/09/16  ver 3.4  Verb mode for urls, etc.
)
LaTeX Info: Redefining \url on input line 5076.
\XeTeXLinkMargin=\dimen143
 ("C:\Program Files\MiKTeX\tex/generic/bitset\bitset.sty"
Package: bitset 2019/12/09 v1.3 Handle bit-vector datatype (HO)
 ("C:\Program Files\MiKTeX\tex/generic/bigintcalc\bigintcalc.sty"
Package: bigintcalc 2019/12/15 v1.5 Expandable calculations on big integers (HO)
))
\Fld@menulength=\count190
\Field@Width=\dimen144
\Fld@charsize=\dimen145
Package hyperref Info: Hyper figures OFF on input line 6347.
Package hyperref Info: Link nesting OFF on input line 6352.
Package hyperref Info: Hyper index ON on input line 6355.
Package hyperref Info: backreferencing OFF on input line 6362.
Package hyperref Info: Link coloring OFF on input line 6367.
Package hyperref Info: Link coloring with OCG OFF on input line 6372.
Package hyperref Info: PDF/A mode OFF on input line 6377.
LaTeX Info: Redefining \ref on input line 6417.
LaTeX Info: Redefining \pageref on input line 6421.
 ("C:\Program Files\MiKTeX\tex/latex/base\atbegshi-ltx.sty"
Package: atbegshi-ltx 2020/08/17 v1.0a Emulation of the original atbegshi package
with kernel methods
)
\Hy@abspage=\count191
\c@Item=\count192
\c@Hfootnote=\count193
)
Package hyperref Info: Driver (autodetected): hpdftex.
 ("C:\Program Files\MiKTeX\tex/latex/hyperref\hpdftex.def"
File: hpdftex.def 2020-05-15 v7.00e Hyperref driver for pdfTeX
 ("C:\Program Files\MiKTeX\tex/latex/base\atveryend-ltx.sty"
Package: atveryend-ltx 2020/08/19 v1.0a Emulation of the original atvery package
with kernel methods
)
\Fld@listcount=\count194
\c@bookmark@seq@number=\count195
 ("C:\Program Files\MiKTeX\tex/latex/rerunfilecheck\rerunfilecheck.sty"
Package: rerunfilecheck 2019/12/05 v1.9 Rerun checks for auxiliary files (HO)
 ("C:\Program Files\MiKTeX\tex/generic/uniquecounter\uniquecounter.sty"
Package: uniquecounter 2019/12/15 v1.4 Provide unlimited unique counter (HO)
)
Package uniquecounter Info: New unique counter `rerunfilecheck' on input line 286.
)
\Hy@SectionHShift=\skip49
) ("C:\Program Files\MiKTeX\tex/latex/geometry\geometry.sty"
Package: geometry 2020/01/02 v5.9 Page Geometry
 ("C:\Program Files\MiKTeX\tex/generic/iftex\ifvtex.sty"
Package: ifvtex 2019/10/25 v1.7 ifvtex legacy package. Use iftex instead.
)
\Gm@cnth=\count196
\Gm@cntv=\count197
\c@Gm@tempcnt=\count198
\Gm@bindingoffset=\dimen146
\Gm@wd@mp=\dimen147
\Gm@odd@mp=\dimen148
\Gm@even@mp=\dimen149
\Gm@layoutwidth=\dimen150
\Gm@layoutheight=\dimen151
\Gm@layouthoffset=\dimen152
\Gm@layoutvoffset=\dimen153
\Gm@dimlist=\toks19
 ("C:\Program Files\MiKTeX\tex/latex/geometry\geometry.cfg")) ("C:\Program Files\MiKTeX\tex/latex/float\float.sty"
Package: float 2001/11/08 v1.3d Float enhancements (AL)
\c@float@type=\count199
\float@exts=\toks20
\float@box=\box47
\@float@everytoks=\toks21
\@floatcapt=\box48
) ("C:\Program Files\MiKTeX\tex/latex/amsmath\amsmath.sty"
Package: amsmath 2020/09/23 v2.17i AMS math features
\@mathmargin=\skip50

For additional information on amsmath, use the `?' option.
("C:\Program Files\MiKTeX\tex/latex/amsmath\amstext.sty"
Package: amstext 2000/06/29 v2.01 AMS text
 ("C:\Program Files\MiKTeX\tex/latex/amsmath\amsgen.sty"
File: amsgen.sty 1999/11/30 v2.0 generic functions
\@emptytoks=\toks22
\ex@=\dimen154
)) ("C:\Program Files\MiKTeX\tex/latex/amsmath\amsbsy.sty"
Package: amsbsy 1999/11/29 v1.2d Bold Symbols
\pmbraise@=\dimen155
) ("C:\Program Files\MiKTeX\tex/latex/amsmath\amsopn.sty"
Package: amsopn 2016/03/08 v2.02 operator names
)
\inf@bad=\count266
LaTeX Info: Redefining \frac on input line 234.
\uproot@=\count267
\leftroot@=\count268
LaTeX Info: Redefining \overline on input line 399.
\classnum@=\count269
\DOTSCASE@=\count270
LaTeX Info: Redefining \ldots on input line 496.
LaTeX Info: Redefining \dots on input line 499.
LaTeX Info: Redefining \cdots on input line 620.
\Mathstrutbox@=\box49
\strutbox@=\box50
\big@size=\dimen156
LaTeX Font Info:    Redeclaring font encoding OML on input line 743.
LaTeX Font Info:    Redeclaring font encoding OMS on input line 744.
\macc@depth=\count271
\c@MaxMatrixCols=\count272
\dotsspace@=\muskip17
\c@parentequation=\count273
\dspbrk@lvl=\count274
\tag@help=\toks23
\row@=\count275
\column@=\count276
\maxfields@=\count277
\andhelp@=\toks24
\eqnshift@=\dimen157
\alignsep@=\dimen158
\tagshift@=\dimen159
\tagwidth@=\dimen160
\totwidth@=\dimen161
\lineht@=\dimen162
\@envbody=\toks25
\multlinegap=\skip51
\multlinetaggap=\skip52
\mathdisplay@stack=\toks26
LaTeX Info: Redefining \[ on input line 2923.
LaTeX Info: Redefining \] on input line 2924.
) ("C:\Program Files\MiKTeX\tex/latex/oberdiek\stackrel.sty"
Package: stackrel 2016/05/16 v1.3 Adding subscript option to stackrel (HO)
) ("C:\Program Files\MiKTeX\tex/latex/tools\multicol.sty"
Package: multicol 2019/12/09 v1.8y multicolumn formatting (FMi)
\c@tracingmulticols=\count278
\mult@box=\box51
\multicol@leftmargin=\dimen163
\c@unbalance=\count279
\c@collectmore=\count280
\doublecol@number=\count281
\multicoltolerance=\count282
\multicolpretolerance=\count283
\full@width=\dimen164
\page@free=\dimen165
\premulticols=\dimen166
\postmulticols=\dimen167
\multicolsep=\skip53
\multicolbaselineskip=\skip54
\partial@page=\box52
\last@line=\box53
\maxbalancingoverflow=\dimen168
\mult@rightbox=\box54
\mult@grightbox=\box55
\mult@gfirstbox=\box56
\mult@firstbox=\box57
\@tempa=\box58
\@tempa=\box59
\@tempa=\box60
\@tempa=\box61
\@tempa=\box62
\@tempa=\box63
\@tempa=\box64
\@tempa=\box65
\@tempa=\box66
\@tempa=\box67
\@tempa=\box68
\@tempa=\box69
\@tempa=\box70
\@tempa=\box71
\@tempa=\box72
\@tempa=\box73
\@tempa=\box74
\@tempa=\box75
\@tempa=\box76
\@tempa=\box77
\@tempa=\box78
\@tempa=\box79
\@tempa=\box80
\@tempa=\box81
\@tempa=\box82
\@tempa=\box83
\@tempa=\box84
\@tempa=\box85
\@tempa=\box86
\@tempa=\box87
\@tempa=\box88
\@tempa=\box89
\@tempa=\box90
\@tempa=\box91
\@tempa=\box92
\@tempa=\box93
\@tempa=\box94
\c@minrows=\count284
\c@columnbadness=\count285
\c@finalcolumnbadness=\count286
\last@try=\dimen169
\multicolovershoot=\dimen170
\multicolundershoot=\dimen171
\mult@nat@firstbox=\box95
\colbreak@box=\box96
\mc@col@check@num=\count287
) ("C:\Program Files\MiKTeX\tex/latex/multirow\multirow.sty"
Package: multirow 2021/03/15 v2.8 Span multiple rows of a table
\multirow@colwidth=\skip55
\multirow@cntb=\count288
\multirow@dima=\skip56
\bigstrutjot=\dimen172
) ("C:\Program Files\MiKTeX\tex/latex/fancyhdr\fancyhdr.sty"
Package: fancyhdr 2021/01/28 v4.0.1 Extensive control of page headers and footers
\f@nch@headwidth=\skip57
\f@nch@O@elh=\skip58
\f@nch@O@erh=\skip59
\f@nch@O@olh=\skip60
\f@nch@O@orh=\skip61
\f@nch@O@elf=\skip62
\f@nch@O@erf=\skip63
\f@nch@O@olf=\skip64
\f@nch@O@orf=\skip65
) ("C:\Program Files\MiKTeX\tex/latex/xcolor\xcolor.sty"
Package: xcolor 2016/05/11 v2.12 LaTeX color extensions (UK)
 ("C:\Program Files\MiKTeX\tex/latex/graphics-cfg\color.cfg"
File: color.cfg 2016/01/02 v1.6 sample color configuration
)
Package xcolor Info: Package option `usenames' ignored on input line 216.
Package xcolor Info: Driver file: pdftex.def on input line 225.
 ("C:\Program Files\MiKTeX\tex/latex/colortbl\colortbl.sty"
Package: colortbl 2020/01/04 v1.0e Color table columns (DPC)
 ("C:\Program Files\MiKTeX\tex/latex/tools\array.sty"
Package: array 2019/08/31 v2.4l Tabular extension package (FMi)
\col@sep=\dimen173
\ar@mcellbox=\box97
\extrarowheight=\dimen174
\NC@list=\toks27
\extratabsurround=\skip66
\backup@length=\skip67
\ar@cellbox=\box98
)
\everycr=\toks28
\minrowclearance=\skip68
)
\rownum=\count289
Package xcolor Info: Model `cmy' substituted by `cmy0' on input line 1348.
Package xcolor Info: Model `hsb' substituted by `rgb' on input line 1352.
Package xcolor Info: Model `RGB' extended on input line 1364.
Package xcolor Info: Model `HTML' substituted by `rgb' on input line 1366.
Package xcolor Info: Model `Hsb' substituted by `hsb' on input line 1367.
Package xcolor Info: Model `tHsb' substituted by `hsb' on input line 1368.
Package xcolor Info: Model `HSB' substituted by `hsb' on input line 1369.
Package xcolor Info: Model `Gray' substituted by `gray' on input line 1370.
Package xcolor Info: Model `wave' substituted by `hsb' on input line 1371.
 ("C:\Program Files\MiKTeX\tex/latex/graphics\dvipsnam.def"
File: dvipsnam.def 2016/06/17 v3.0m Driver-dependent file (DPC,SPQR)
) ("C:\Program Files\MiKTeX\tex/latex/xcolor\svgnam.def"
File: svgnam.def 2016/05/11 v2.12 Predefined colors according to SVG 1.1 (UK)
)) ("C:\Program Files\MiKTeX\tex/latex/ragged2e\ragged2e.sty"
Package: ragged2e 2019/07/28 v2.2 ragged2e Package (MS)


LaTeX Warning: Command \@arrayparboxrestore  has changed.
               Check if current package is valid.

("C:\Program Files\MiKTeX\tex/latex/ms\everysel.sty"
Package: everysel 2011/10/28 v1.2 EverySelectfont Package (MS)
) ("C:\Program Files\MiKTeX\tex/latex/footmisc\footmisc.sty"
Package: footmisc 2022/03/08 v6.0d a miscellany of footnote facilities
\FN@temptoken=\toks29
\footnotemargin=\dimen175
\@outputbox@depth=\dimen176

LaTeX3 Info: Defining command \DefineFNsymbols with sig. 'smO{text}m' on line
(LaTeX3)     633.


LaTeX3 Info: Defining command \DefineFNsymbolsTM with sig. 'smm' on line 659.

Package footmisc Info: Declaring symbol style bringhurst on input line 695.
Package footmisc Info: Declaring symbol style chicago on input line 703.
Package footmisc Info: Declaring symbol style wiley on input line 712.
Package footmisc Info: Declaring symbol style lamport-robust on input line 723.
Package footmisc Info: Declaring symbol style lamport* on input line 743.
Package footmisc Info: Declaring symbol style lamport*-robust on input line 764.
)
\CenteringLeftskip=\skip69
\RaggedLeftLeftskip=\skip70
\RaggedRightLeftskip=\skip71
\CenteringRightskip=\skip72
\RaggedLeftRightskip=\skip73
\RaggedRightRightskip=\skip74
\CenteringParfillskip=\skip75
\RaggedLeftParfillskip=\skip76
\RaggedRightParfillskip=\skip77
\JustifyingParfillskip=\skip78
\CenteringParindent=\skip79
\RaggedLeftParindent=\skip80
\RaggedRightParindent=\skip81
\JustifyingParindent=\skip82
) ("C:\Program Files\MiKTeX\tex/latex/tools\enumerate.sty"
Package: enumerate 2015/07/23 v3.00 enumerate extensions (DPC)
\@enLab=\toks30
) ("C:\Program Files\MiKTeX\tex/latex/psnfss\helvet.sty"
Package: helvet 2020/03/25 PSNFSS-v9.3 (WaS) 
)
LaTeX Font Info:    Trying to load font information for OT1+phv on input line 35.
 ("C:\Program Files\MiKTeX\tex/latex/psnfss\ot1phv.fd"
File: ot1phv.fd 2020/03/25 scalable font definitions for OT1/phv.
) ("C:\Program Files\MiKTeX\tex/latex/l3backend\l3backend-pdftex.def"
File: l3backend-pdftex.def 2020-09-24 L3 backend support: PDF output (pdfTeX)
\l__kernel_color_stack_int=\count290
\l__pdf_internal_box=\box99
) (c:\Users\abrah\OneDrive\Documents\Code\latex\L02_Lipa_Calabilla\build\Informe.aux
LaTeX Info: Redefining \. on input line 25.
LaTeX Info: Redefining \% on input line 25.
 (c:\Users\abrah\OneDrive\Documents\Code\latex\L02_Lipa_Calabilla\build\Secciones/articulo.aux))
\openout1 = `Informe.aux'.

LaTeX Font Info:    Checking defaults for OML/cmm/m/it on input line 35.
LaTeX Font Info:    ... okay on input line 35.
LaTeX Font Info:    Checking defaults for OMS/cmsy/m/n on input line 35.
LaTeX Font Info:    ... okay on input line 35.
LaTeX Font Info:    Checking defaults for OT1/cmr/m/n on input line 35.
LaTeX Font Info:    ... okay on input line 35.
LaTeX Font Info:    Checking defaults for T1/cmr/m/n on input line 35.
LaTeX Font Info:    ... okay on input line 35.
LaTeX Font Info:    Checking defaults for TS1/cmr/m/n on input line 35.
LaTeX Font Info:    ... okay on input line 35.
LaTeX Font Info:    Checking defaults for OMX/cmex/m/n on input line 35.
LaTeX Font Info:    ... okay on input line 35.
LaTeX Font Info:    Checking defaults for U/cmr/m/n on input line 35.
LaTeX Font Info:    ... okay on input line 35.
LaTeX Font Info:    Checking defaults for PD1/pdf/m/n on input line 35.
LaTeX Font Info:    ... okay on input line 35.
LaTeX Info: Redefining \. on input line 35.
LaTeX Info: Redefining \% on input line 35.
 ("C:\Program Files\MiKTeX\tex/context/base/mkii\supp-pdf.mkii"
[Loading MPS to PDF converter (version 2006.09.02).]
\scratchcounter=\count291
\scratchdimen=\dimen177
\scratchbox=\box100
\nofMPsegments=\count292
\nofMParguments=\count293
\everyMPshowfont=\toks31
\MPscratchCnt=\count294
\MPscratchDim=\dimen178
\MPnumerator=\count295
\makeMPintoPDFobject=\count296
\everyMPtoPDFconversion=\toks32
) ("C:\Program Files\MiKTeX\tex/latex/epstopdf-pkg\epstopdf-base.sty"
Package: epstopdf-base 2020-01-24 v2.11 Base part for package epstopdf
Package epstopdf-base Info: Redefining graphics rule for `.eps' on input line 485.
)
Package hyperref Info: Link coloring OFF on input line 35.
 ("C:\Program Files\MiKTeX\tex/latex/hyperref\nameref.sty"
Package: nameref 2019/09/16 v2.46 Cross-referencing by name of section
 ("C:\Program Files\MiKTeX\tex/latex/refcount\refcount.sty"
Package: refcount 2019/12/15 v3.6 Data extraction from label references (HO)
) ("C:\Program Files\MiKTeX\tex/generic/gettitlestring\gettitlestring.sty"
Package: gettitlestring 2019/12/15 v1.6 Cleanup title references (HO)
)
\c@section@level=\count297
)
LaTeX Info: Redefining \ref on input line 35.
LaTeX Info: Redefining \pageref on input line 35.
LaTeX Info: Redefining \nameref on input line 35.
 (c:\Users\abrah\OneDrive\Documents\Code\latex\L02_Lipa_Calabilla\build\Informe.out) (c:\Users\abrah\OneDrive\Documents\Code\latex\L02_Lipa_Calabilla\build\Informe.out)
\@outlinefile=\write3
\openout3 = `Informe.out'.


*geometry* driver: auto-detecting
*geometry* detected driver: pdftex
*geometry* verbose mode - [ preamble ] result:
* driver: pdftex
* paper: letterpaper
* layout: <same size as paper>
* layoutoffset:(h,v)=(0.0pt,0.0pt)
* modes: 
* h-part:(L,W,R)=(56.9055pt, 500.484pt, 56.9055pt)
* v-part:(T,H,B)=(71.13188pt, 666.9326pt, 56.9055pt)
* \paperwidth=614.295pt
* \paperheight=794.96999pt
* \textwidth=500.484pt
* \textheight=666.9326pt
* \oddsidemargin=-15.36449pt
* \evensidemargin=-15.36449pt
* \topmargin=-38.1381pt
* \headheight=12.0pt
* \headsep=25.0pt
* \topskip=12.0pt
* \footskip=30.0pt
* \marginparwidth=44.0pt
* \marginparsep=10.0pt
* \columnsep=10.0pt
* \skip\footins=10.8pt plus 4.0pt minus 2.0pt
* \hoffset=0.0pt
* \voffset=0.0pt
* \mag=1000
* \@twocolumnfalse
* \@twosidefalse
* \@mparswitchfalse
* \@reversemarginfalse
* (1in=72.27pt=25.4mm, 1cm=28.453pt)

Package ragged2e Info: ABD: executing \RaggedRight on input line 35.
ABD: EverySelectfont initializing macros
LaTeX Info: Redefining \selectfont on input line 35.
<./img/logo.png, id=67, 70.6275pt x 95.265pt>
File: ./img/logo.png Graphic file (type png)
<use ./img/logo.png>
Package pdftex.def Info: ./img/logo.png  used on input line 40.
(pdftex.def)             Requested size: 99.58464pt x 134.32655pt.
 [1

{C:/Users/abrah/AppData/Local/MiKTeX/pdftex/config/pdftex.map} <./img/logo.png>]
\openout2 = `Secciones/articulo.aux'.


No file Secciones/articulo.tex.
(c:\Users\abrah\OneDrive\Documents\Code\latex\L02_Lipa_Calabilla\build\Informe.toc
LaTeX Info: Redefining \. on input line 1.
LaTeX Info: Redefining \% on input line 1.
)
\tf@toc=\write4
\openout4 = `Informe.toc'.

File: ./img/logo.png Graphic file (type png)
<use ./img/logo.png>
Package pdftex.def Info: ./img/logo.png  used on input line 97.
(pdftex.def)             Requested size: 28.45274pt x 38.37714pt.


Package fancyhdr Warning: \headheight is too small (12.0pt): 
(fancyhdr)                Make it at least 24.54048pt, for example:
(fancyhdr)                \setlength{\headheight}{24.54048pt}.
(fancyhdr)                You might also make \topmargin smaller to compensate:
(fancyhdr)                \addtolength{\topmargin}{-12.54048pt}.

pdfTeX warning (ext4): destination with the same identifier (name{page.1}) has been already used, duplicate ignored
<to be read again> 
                   \relax 
l.97     \newpage
                  [1



]
File: ./img/logo.png Graphic file (type png)
<use ./img/logo.png>
Package pdftex.def Info: ./img/logo.png  used on input line 133.
(pdftex.def)             Requested size: 28.45274pt x 38.37714pt.


Package fancyhdr Warning: \headheight is too small (12.0pt): 
(fancyhdr)                Make it at least 24.54048pt, for example:
(fancyhdr)                \setlength{\headheight}{24.54048pt}.
(fancyhdr)                You might also make \topmargin smaller to compensate:
(fancyhdr)                \addtolength{\topmargin}{-12.54048pt}.

[2]
LaTeX Font Info:    Font shape `OT1/phv/m/it' in size <12> not available
(Font)              Font shape `OT1/phv/m/sl' tried instead on input line 138.
LaTeX Font Info:    Font shape `OT1/phv/b/it' in size <12> not available
(Font)              Font shape `OT1/phv/b/sl' tried instead on input line 138.
<./img/img1.png, id=103, 955.31906pt x 405.01312pt>
File: ./img/img1.png Graphic file (type png)
<use ./img/img1.png>
Package pdftex.def Info: ./img/img1.png  used on input line 141.
(pdftex.def)             Requested size: 369.88582pt x 156.81117pt.
<./img/img2.png, id=104, 1249.66875pt x 469.755pt>
File: ./img/img2.png Graphic file (type png)
<use ./img/img2.png>
Package pdftex.def Info: ./img/img2.png  used on input line 152.
(pdftex.def)             Requested size: 369.88582pt x 139.04243pt.
<./img/img3.png, id=105, 539.01375pt x 72.27pt>
File: ./img/img3.png Graphic file (type png)
<use ./img/img3.png>
Package pdftex.def Info: ./img/img3.png  used on input line 161.
(pdftex.def)             Requested size: 369.88582pt x 49.59395pt.
<./img/img4.png, id=106, 491.58656pt x 172.39406pt>
File: ./img/img4.png Graphic file (type png)
<use ./img/img4.png>
Package pdftex.def Info: ./img/img4.png  used on input line 165.
(pdftex.def)             Requested size: 369.88582pt x 129.71873pt.
File: ./img/logo.png Graphic file (type png)
<use ./img/logo.png>
Package pdftex.def Info: ./img/logo.png  used on input line 166.
(pdftex.def)             Requested size: 28.45274pt x 38.37714pt.


Package fancyhdr Warning: \headheight is too small (12.0pt): 
(fancyhdr)                Make it at least 24.54048pt, for example:
(fancyhdr)                \setlength{\headheight}{24.54048pt}.
(fancyhdr)                You might also make \topmargin smaller to compensate:
(fancyhdr)                \addtolength{\topmargin}{-12.54048pt}.

[3 <./img/img1.png> <./img/img2.png> <./img/img3.png>]
<./img/img5.1.png, id=119, 216.05719pt x 82.05656pt>
File: ./img/img5.1.png Graphic file (type png)
<use ./img/img5.1.png>
Package pdftex.def Info: ./img/img5.1.png  used on input line 171.
(pdftex.def)             Requested size: 170.71652pt x 64.83899pt.
<./img/img5.2.png, id=120, 214.55156pt x 79.04532pt>
File: ./img/img5.2.png Graphic file (type png)
<use ./img/img5.2.png>
Package pdftex.def Info: ./img/img5.2.png  used on input line 175.
(pdftex.def)             Requested size: 170.71652pt x 62.8962pt.
<./img/img5.3.png, id=121, 195.73125pt x 81.30376pt>
File: ./img/img5.3.png Graphic file (type png)
<use ./img/img5.3.png>
Package pdftex.def Info: ./img/img5.3.png  used on input line 179.
(pdftex.def)             Requested size: 170.71652pt x 70.91728pt.
<./img/img5.4.png, id=122, 194.22563pt x 84.315pt>
File: ./img/img5.4.png Graphic file (type png)
<use ./img/img5.4.png>
Package pdftex.def Info: ./img/img5.4.png  used on input line 183.
(pdftex.def)             Requested size: 170.71652pt x 74.1112pt.
<./img/img5.5.png, id=123, 189.70876pt x 217.5628pt>
File: ./img/img5.5.png Graphic file (type png)
<use ./img/img5.5.png>
Package pdftex.def Info: ./img/img5.5.png  used on input line 187.
(pdftex.def)             Requested size: 170.71652pt x 195.78479pt.
File: ./img/logo.png Graphic file (type png)
<use ./img/logo.png>
Package pdftex.def Info: ./img/logo.png  used on input line 188.
(pdftex.def)             Requested size: 28.45274pt x 38.37714pt.


Package fancyhdr Warning: \headheight is too small (12.0pt): 
(fancyhdr)                Make it at least 24.54048pt, for example:
(fancyhdr)                \setlength{\headheight}{24.54048pt}.
(fancyhdr)                You might also make \topmargin smaller to compensate:
(fancyhdr)                \addtolength{\topmargin}{-12.54048pt}.

[4 <./img/img4.png> <./img/img5.1.png> <./img/img5.2.png> <./img/img5.3.png> <./img/img5.4.png>]
<./img/img7.png, id=135, 1294.8375pt x 502.12593pt>
File: ./img/img7.png Graphic file (type png)
<use ./img/img7.png>
Package pdftex.def Info: ./img/img7.png  used on input line 196.
(pdftex.def)             Requested size: 369.88582pt x 143.43683pt.
<./img/img8.png, id=136, 1292.57906pt x 502.12593pt>
File: ./img/img8.png Graphic file (type png)
<use ./img/img8.png>
Package pdftex.def Info: ./img/img8.png  used on input line 200.
(pdftex.def)             Requested size: 369.88582pt x 143.68967pt.
<./img/img9.png, id=137, 1295.59032pt x 503.63156pt>
File: ./img/img9.png Graphic file (type png)
<use ./img/img9.png>
Package pdftex.def Info: ./img/img9.png  used on input line 204.
(pdftex.def)             Requested size: 369.88582pt x 143.7824pt.
File: ./img/logo.png Graphic file (type png)
<use ./img/logo.png>
Package pdftex.def Info: ./img/logo.png  used on input line 205.
(pdftex.def)             Requested size: 28.45274pt x 38.37714pt.


Package fancyhdr Warning: \headheight is too small (12.0pt): 
(fancyhdr)                Make it at least 24.54048pt, for example:
(fancyhdr)                \setlength{\headheight}{24.54048pt}.
(fancyhdr)                You might also make \topmargin smaller to compensate:
(fancyhdr)                \addtolength{\topmargin}{-12.54048pt}.

[5 <./img/img5.5.png> <./img/img7.png> <./img/img8.png>]
<./img/img10.png, id=149, 1294.08469pt x 502.12593pt>
File: ./img/img10.png Graphic file (type png)
<use ./img/img10.png>
Package pdftex.def Info: ./img/img10.png  used on input line 208.
(pdftex.def)             Requested size: 369.88582pt x 143.52112pt.
<./img/img10.1.png, id=150, 1293.33188pt x 505.13719pt>
File: ./img/img10.1.png Graphic file (type png)
<use ./img/img10.1.png>
Package pdftex.def Info: ./img/img10.1.png  used on input line 213.
(pdftex.def)             Requested size: 369.88582pt x 144.4666pt.
<./img/img10.2.png, id=151, 1294.08469pt x 502.87875pt>
File: ./img/img10.2.png Graphic file (type png)
<use ./img/img10.2.png>
Package pdftex.def Info: ./img/img10.2.png  used on input line 217.
(pdftex.def)             Requested size: 369.88582pt x 143.73628pt.
File: ./img/logo.png Graphic file (type png)
<use ./img/logo.png>
Package pdftex.def Info: ./img/logo.png  used on input line 218.
(pdftex.def)             Requested size: 28.45274pt x 38.37714pt.


Package fancyhdr Warning: \headheight is too small (12.0pt): 
(fancyhdr)                Make it at least 24.54048pt, for example:
(fancyhdr)                \setlength{\headheight}{24.54048pt}.
(fancyhdr)                You might also make \topmargin smaller to compensate:
(fancyhdr)                \addtolength{\topmargin}{-12.54048pt}.

[6 <./img/img9.png> <./img/img10.png> <./img/img10.1.png>]
<./img/img11.png, id=161, 1295.59032pt x 502.12593pt>
File: ./img/img11.png Graphic file (type png)
<use ./img/img11.png>
Package pdftex.def Info: ./img/img11.png  used on input line 222.
(pdftex.def)             Requested size: 369.88582pt x 143.35255pt.
<./img/img11.1.png, id=162, 1294.08469pt x 501.37312pt>
File: ./img/img11.1.png Graphic file (type png)
<use ./img/img11.1.png>
Package pdftex.def Info: ./img/img11.1.png  used on input line 227.
(pdftex.def)             Requested size: 369.88582pt x 143.30594pt.
<./img/img12.png, id=163, 1294.08469pt x 502.12593pt>
File: ./img/img12.png Graphic file (type png)
<use ./img/img12.png>
Package pdftex.def Info: ./img/img12.png  used on input line 232.
(pdftex.def)             Requested size: 369.88582pt x 143.52112pt.
File: ./img/logo.png Graphic file (type png)
<use ./img/logo.png>
Package pdftex.def Info: ./img/logo.png  used on input line 233.
(pdftex.def)             Requested size: 28.45274pt x 38.37714pt.


Package fancyhdr Warning: \headheight is too small (12.0pt): 
(fancyhdr)                Make it at least 24.54048pt, for example:
(fancyhdr)                \setlength{\headheight}{24.54048pt}.
(fancyhdr)                You might also make \topmargin smaller to compensate:
(fancyhdr)                \addtolength{\topmargin}{-12.54048pt}.

[7 <./img/img10.2.png> <./img/img11.png> <./img/img11.1.png>]
<./img/img13.png, id=173, 1294.8375pt x 502.87875pt>
File: ./img/img13.png Graphic file (type png)
<use ./img/img13.png>
Package pdftex.def Info: ./img/img13.png  used on input line 236.
(pdftex.def)             Requested size: 369.88582pt x 143.65189pt.
<./img/img14.png, id=174, 1294.08469pt x 503.63156pt>
File: ./img/img14.png Graphic file (type png)
<use ./img/img14.png>
Package pdftex.def Info: ./img/img14.png  used on input line 240.
(pdftex.def)             Requested size: 369.88582pt x 143.95146pt.
<./img/img15.png, id=175, 1294.08469pt x 504.38437pt>
File: ./img/img15.png Graphic file (type png)
<use ./img/img15.png>
Package pdftex.def Info: ./img/img15.png  used on input line 244.
(pdftex.def)             Requested size: 369.88582pt x 144.16663pt.
File: ./img/logo.png Graphic file (type png)
<use ./img/logo.png>
Package pdftex.def Info: ./img/logo.png  used on input line 245.
(pdftex.def)             Requested size: 28.45274pt x 38.37714pt.


Package fancyhdr Warning: \headheight is too small (12.0pt): 
(fancyhdr)                Make it at least 24.54048pt, for example:
(fancyhdr)                \setlength{\headheight}{24.54048pt}.
(fancyhdr)                You might also make \topmargin smaller to compensate:
(fancyhdr)                \addtolength{\topmargin}{-12.54048pt}.

[8 <./img/img12.png> <./img/img13.png> <./img/img14.png>]
<./img/img16.png, id=186, 1294.08469pt x 503.63156pt>
File: ./img/img16.png Graphic file (type png)
<use ./img/img16.png>
Package pdftex.def Info: ./img/img16.png  used on input line 252.
(pdftex.def)             Requested size: 369.88582pt x 143.95146pt.
<./img/img16.1.png, id=187, 1293.33188pt x 502.87875pt>
File: ./img/img16.1.png Graphic file (type png)
<use ./img/img16.1.png>
Package pdftex.def Info: ./img/img16.1.png  used on input line 257.
(pdftex.def)             Requested size: 369.88582pt x 143.8207pt.
<./img/img17.png, id=188, 1294.8375pt x 502.87875pt>
File: ./img/img17.png Graphic file (type png)
<use ./img/img17.png>
Package pdftex.def Info: ./img/img17.png  used on input line 262.
(pdftex.def)             Requested size: 369.88582pt x 143.65189pt.
File: ./img/logo.png Graphic file (type png)
<use ./img/logo.png>
Package pdftex.def Info: ./img/logo.png  used on input line 263.
(pdftex.def)             Requested size: 28.45274pt x 38.37714pt.


Package fancyhdr Warning: \headheight is too small (12.0pt): 
(fancyhdr)                Make it at least 24.54048pt, for example:
(fancyhdr)                \setlength{\headheight}{24.54048pt}.
(fancyhdr)                You might also make \topmargin smaller to compensate:
(fancyhdr)                \addtolength{\topmargin}{-12.54048pt}.

[9 <./img/img15.png> <./img/img16.png> <./img/img16.1.png>]
<./img/img17.1.png, id=198, 1294.08469pt x 500.62032pt>
File: ./img/img17.1.png Graphic file (type png)
<use ./img/img17.1.png>
Package pdftex.def Info: ./img/img17.1.png  used on input line 267.
(pdftex.def)             Requested size: 369.88582pt x 143.09076pt.
<./img/img17.2.png, id=199, 1294.8375pt x 502.87875pt>
File: ./img/img17.2.png Graphic file (type png)
<use ./img/img17.2.png>
Package pdftex.def Info: ./img/img17.2.png  used on input line 271.
(pdftex.def)             Requested size: 369.88582pt x 143.65189pt.
<./img/img18.png, id=200, 1293.33188pt x 502.12593pt>
File: ./img/img18.png Graphic file (type png)
<use ./img/img18.png>
Package pdftex.def Info: ./img/img18.png  used on input line 276.
(pdftex.def)             Requested size: 369.88582pt x 143.6054pt.
File: ./img/logo.png Graphic file (type png)
<use ./img/logo.png>
Package pdftex.def Info: ./img/logo.png  used on input line 277.
(pdftex.def)             Requested size: 28.45274pt x 38.37714pt.


Package fancyhdr Warning: \headheight is too small (12.0pt): 
(fancyhdr)                Make it at least 24.54048pt, for example:
(fancyhdr)                \setlength{\headheight}{24.54048pt}.
(fancyhdr)                You might also make \topmargin smaller to compensate:
(fancyhdr)                \addtolength{\topmargin}{-12.54048pt}.

[10 <./img/img17.png> <./img/img17.1.png> <./img/img17.2.png>]
<./img/img18.1.png, id=209, 1296.34312pt x 503.63156pt>
File: ./img/img18.1.png Graphic file (type png)
<use ./img/img18.1.png>
Package pdftex.def Info: ./img/img18.1.png  used on input line 281.
(pdftex.def)             Requested size: 369.88582pt x 143.69786pt.
<./img/img19.png, id=210, 1294.08469pt x 505.89pt>
File: ./img/img19.png Graphic file (type png)
<use ./img/img19.png>
Package pdftex.def Info: ./img/img19.png  used on input line 290.
(pdftex.def)             Requested size: 369.88582pt x 144.59698pt.
<./img/img19.1.png, id=211, 1294.8375pt x 507.39563pt>
File: ./img/img19.1.png Graphic file (type png)
<use ./img/img19.1.png>
Package pdftex.def Info: ./img/img19.1.png  used on input line 295.
(pdftex.def)             Requested size: 369.88582pt x 144.94217pt.
File: ./img/logo.png Graphic file (type png)
<use ./img/logo.png>
Package pdftex.def Info: ./img/logo.png  used on input line 296.
(pdftex.def)             Requested size: 28.45274pt x 38.37714pt.


Package fancyhdr Warning: \headheight is too small (12.0pt): 
(fancyhdr)                Make it at least 24.54048pt, for example:
(fancyhdr)                \setlength{\headheight}{24.54048pt}.
(fancyhdr)                You might also make \topmargin smaller to compensate:
(fancyhdr)                \addtolength{\topmargin}{-12.54048pt}.

[11 <./img/img18.png> <./img/img18.1.png> <./img/img19.png>]
<./img/img19.2.png, id=220, 1294.8375pt x 508.14844pt>
File: ./img/img19.2.png Graphic file (type png)
<use ./img/img19.2.png>
Package pdftex.def Info: ./img/img19.2.png  used on input line 299.
(pdftex.def)             Requested size: 369.88582pt x 145.15721pt.
<./img/img20.png, id=221, 1293.33188pt x 506.6428pt>
File: ./img/img20.png Graphic file (type png)
<use ./img/img20.png>
Package pdftex.def Info: ./img/img20.png  used on input line 304.
(pdftex.def)             Requested size: 369.88582pt x 144.89719pt.
<./img/img21.png, id=222, 1294.8375pt x 508.14844pt>
File: ./img/img21.png Graphic file (type png)
<use ./img/img21.png>
Package pdftex.def Info: ./img/img21.png  used on input line 309.
(pdftex.def)             Requested size: 369.88582pt x 145.15721pt.
File: ./img/logo.png Graphic file (type png)
<use ./img/logo.png>
Package pdftex.def Info: ./img/logo.png  used on input line 310.
(pdftex.def)             Requested size: 28.45274pt x 38.37714pt.


Package fancyhdr Warning: \headheight is too small (12.0pt): 
(fancyhdr)                Make it at least 24.54048pt, for example:
(fancyhdr)                \setlength{\headheight}{24.54048pt}.
(fancyhdr)                You might also make \topmargin smaller to compensate:
(fancyhdr)                \addtolength{\topmargin}{-12.54048pt}.

[12 <./img/img19.1.png> <./img/img19.2.png> <./img/img20.png>]
<./img/img22.png, id=232, 1294.08469pt x 505.13719pt>
File: ./img/img22.png Graphic file (type png)
<use ./img/img22.png>
Package pdftex.def Info: ./img/img22.png  used on input line 314.
(pdftex.def)             Requested size: 369.88582pt x 144.3818pt.
<./img/img22.1.png, id=233, 1296.34312pt x 508.90125pt>
File: ./img/img22.1.png Graphic file (type png)
<use ./img/img22.1.png>
Package pdftex.def Info: ./img/img22.1.png  used on input line 320.
(pdftex.def)             Requested size: 369.88582pt x 145.20143pt.
<./img/img22.2.png, id=234, 1294.8375pt x 508.14844pt>
File: ./img/img22.2.png Graphic file (type png)
<use ./img/img22.2.png>
Package pdftex.def Info: ./img/img22.2.png  used on input line 324.
(pdftex.def)             Requested size: 369.88582pt x 145.15721pt.
File: ./img/logo.png Graphic file (type png)
<use ./img/logo.png>
Package pdftex.def Info: ./img/logo.png  used on input line 325.
(pdftex.def)             Requested size: 28.45274pt x 38.37714pt.


Package fancyhdr Warning: \headheight is too small (12.0pt): 
(fancyhdr)                Make it at least 24.54048pt, for example:
(fancyhdr)                \setlength{\headheight}{24.54048pt}.
(fancyhdr)                You might also make \topmargin smaller to compensate:
(fancyhdr)                \addtolength{\topmargin}{-12.54048pt}.

[13 <./img/img21.png> <./img/img22.png> <./img/img22.1.png>]
<./img/img22.3.png, id=243, 1295.59032pt x 513.41812pt>
File: ./img/img22.3.png Graphic file (type png)
<use ./img/img22.3.png>
Package pdftex.def Info: ./img/img22.3.png  used on input line 328.
(pdftex.def)             Requested size: 369.88582pt x 146.57637pt.
<./img/img23.png, id=244, 1294.8375pt x 512.66531pt>
File: ./img/img23.png Graphic file (type png)
<use ./img/img23.png>
Package pdftex.def Info: ./img/img23.png  used on input line 337.
(pdftex.def)             Requested size: 369.88582pt x 146.4475pt.
<./img/img23.1.png, id=245, 1293.33188pt x 514.17094pt>
File: ./img/img23.1.png Graphic file (type png)
<use ./img/img23.1.png>
Package pdftex.def Info: ./img/img23.1.png  used on input line 342.
(pdftex.def)             Requested size: 369.88582pt x 147.0502pt.
File: ./img/logo.png Graphic file (type png)
<use ./img/logo.png>
Package pdftex.def Info: ./img/logo.png  used on input line 343.
(pdftex.def)             Requested size: 28.45274pt x 38.37714pt.


Package fancyhdr Warning: \headheight is too small (12.0pt): 
(fancyhdr)                Make it at least 24.54048pt, for example:
(fancyhdr)                \setlength{\headheight}{24.54048pt}.
(fancyhdr)                You might also make \topmargin smaller to compensate:
(fancyhdr)                \addtolength{\topmargin}{-12.54048pt}.

[14 <./img/img22.2.png> <./img/img22.3.png> <./img/img23.png>]
<./img/img24.png, id=254, 1294.8375pt x 511.15968pt>
File: ./img/img24.png Graphic file (type png)
<use ./img/img24.png>
Package pdftex.def Info: ./img/img24.png  used on input line 351.
(pdftex.def)             Requested size: 369.88582pt x 146.0174pt.

Overfull \hbox (2.40317pt too wide) in paragraph at lines 353--354
[]\OT1/phv/m/n/12 Abra la sec-ci[]on \OT1/phv/b/n/12 La-yers \OT1/phv/m/n/12 del pa-nel de pro-pie-da-des y ha-ga clic en \OT1/phv/m/sl/12 Area La-yer \OT1/phv/m/n/12 de \OT1/phv/b/n/12 Country\OT1/phv/m/n/12 . 
 []

<./img/img25.png, id=255, 1292.57906pt x 512.66531pt>
File: ./img/img25.png Graphic file (type png)
<use ./img/img25.png>
Package pdftex.def Info: ./img/img25.png  used on input line 355.
(pdftex.def)             Requested size: 369.88582pt x 146.70564pt.
<./img/img26.png, id=256, 1292.57906pt x 513.41812pt>
File: ./img/img26.png Graphic file (type png)
<use ./img/img26.png>
Package pdftex.def Info: ./img/img26.png  used on input line 359.
(pdftex.def)             Requested size: 369.88582pt x 146.92107pt.
File: ./img/logo.png Graphic file (type png)
<use ./img/logo.png>
Package pdftex.def Info: ./img/logo.png  used on input line 360.
(pdftex.def)             Requested size: 28.45274pt x 38.37714pt.

Package fancyhdr Warning: \headheight is too small (12.0pt): 
(fancyhdr)                Make it at least 24.54048pt, for example:
(fancyhdr)                \setlength{\headheight}{24.54048pt}.
(fancyhdr)                You might also make \topmargin smaller to compensate:
(fancyhdr)                \addtolength{\topmargin}{-12.54048pt}.

[15 <./img/img23.1.png> <./img/img24.png> <./img/img25.png>]
<./img/img26.1.png, id=267, 1294.8375pt x 514.17094pt>
File: ./img/img26.1.png Graphic file (type png)
<use ./img/img26.1.png>
Package pdftex.def Info: ./img/img26.1.png  used on input line 364.
(pdftex.def)             Requested size: 369.88582pt x 146.8776pt.
<./img/img26.2.png, id=268, 1294.08469pt x 512.66531pt>
File: ./img/img26.2.png Graphic file (type png)
<use ./img/img26.2.png>
Package pdftex.def Info: ./img/img26.2.png  used on input line 368.
(pdftex.def)             Requested size: 369.88582pt x 146.53354pt.
<./img/img27.png, id=269, 1295.59032pt x 512.66531pt>
File: ./img/img27.png Graphic file (type png)
<use ./img/img27.png>
Package pdftex.def Info: ./img/img27.png  used on input line 373.
(pdftex.def)             Requested size: 369.88582pt x 146.36145pt.
File: ./img/logo.png Graphic file (type png)
<use ./img/logo.png>
Package pdftex.def Info: ./img/logo.png  used on input line 374.
(pdftex.def)             Requested size: 28.45274pt x 38.37714pt.


Package fancyhdr Warning: \headheight is too small (12.0pt): 
(fancyhdr)                Make it at least 24.54048pt, for example:
(fancyhdr)                \setlength{\headheight}{24.54048pt}.
(fancyhdr)                You might also make \topmargin smaller to compensate:
(fancyhdr)                \addtolength{\topmargin}{-12.54048pt}.

[16 <./img/img26.png> <./img/img26.1.png> <./img/img26.2.png>]
<./img/img28.png, id=278, 1293.33188pt x 513.41812pt>
File: ./img/img28.png Graphic file (type png)
<use ./img/img28.png>
Package pdftex.def Info: ./img/img28.png  used on input line 381.
(pdftex.def)             Requested size: 369.88582pt x 146.8349pt.
<./img/img29.png, id=279, 1294.8375pt x 514.17094pt>
File: ./img/img29.png Graphic file (type png)
<use ./img/img29.png>
Package pdftex.def Info: ./img/img29.png  used on input line 385.
(pdftex.def)             Requested size: 369.88582pt x 146.8776pt.
File: ./img/logo.png Graphic file (type png)
<use ./img/logo.png>
Package pdftex.def Info: ./img/logo.png  used on input line 394.
(pdftex.def)             Requested size: 28.45274pt x 38.37714pt.


Package fancyhdr Warning: \headheight is too small (12.0pt): 
(fancyhdr)                Make it at least 24.54048pt, for example:
(fancyhdr)                \setlength{\headheight}{24.54048pt}.
(fancyhdr)                You might also make \topmargin smaller to compensate:
(fancyhdr)                \addtolength{\topmargin}{-12.54048pt}.

[17 <./img/img27.png> <./img/img28.png> <./img/img29.png>]
<./img/img30.1.png, id=290, 1295.59032pt x 520.19344pt>
File: ./img/img30.1.png Graphic file (type png)
<use ./img/img30.1.png>
Package pdftex.def Info: ./img/img30.1.png  used on input line 395.
(pdftex.def)             Requested size: 369.88582pt x 148.51067pt.
<./img/img30.2.png, id=291, 1294.08469pt x 518.6878pt>
File: ./img/img30.2.png Graphic file (type png)
<use ./img/img30.2.png>
Package pdftex.def Info: ./img/img30.2.png  used on input line 399.
(pdftex.def)             Requested size: 369.88582pt x 148.25494pt.
<./img/img30.3.png, id=292, 1295.59032pt x 519.44063pt>
File: ./img/img30.3.png Graphic file (type png)
<use ./img/img30.3.png>
Package pdftex.def Info: ./img/img30.3.png  used on input line 403.
(pdftex.def)             Requested size: 369.88582pt x 148.29575pt.
<./img/img31.1.png, id=293, 1293.33188pt x 518.6878pt>
File: ./img/img31.1.png Graphic file (type png)
<use ./img/img31.1.png>
Package pdftex.def Info: ./img/img31.1.png  used on input line 410.
(pdftex.def)             Requested size: 369.88582pt x 148.342pt.
File: ./img/logo.png Graphic file (type png)
<use ./img/logo.png>
Package pdftex.def Info: ./img/logo.png  used on input line 411.
(pdftex.def)             Requested size: 28.45274pt x 38.37714pt.


Package fancyhdr Warning: \headheight is too small (12.0pt): 
(fancyhdr)                Make it at least 24.54048pt, for example:
(fancyhdr)                \setlength{\headheight}{24.54048pt}.
(fancyhdr)                You might also make \topmargin smaller to compensate:
(fancyhdr)                \addtolength{\topmargin}{-12.54048pt}.

[18 <./img/img30.1.png> <./img/img30.2.png> <./img/img30.3.png>]
<./img/img31.2.png, id=307, 1294.8375pt x 518.6878pt>
File: ./img/img31.2.png Graphic file (type png)
<use ./img/img31.2.png>
Package pdftex.def Info: ./img/img31.2.png  used on input line 414.
(pdftex.def)             Requested size: 369.88582pt x 148.16788pt.
<./img/img31.3.png, id=308, 1293.33188pt x 517.935pt>
File: ./img/img31.3.png Graphic file (type png)
<use ./img/img31.3.png>
Package pdftex.def Info: ./img/img31.3.png  used on input line 419.
(pdftex.def)             Requested size: 369.88582pt x 148.1267pt.
<./img/img31.4.png, id=309, 1294.08469pt x 518.6878pt>
File: ./img/img31.4.png Graphic file (type png)
<use ./img/img31.4.png>
Package pdftex.def Info: ./img/img31.4.png  used on input line 423.
(pdftex.def)             Requested size: 369.88582pt x 148.25494pt.
File: ./img/logo.png Graphic file (type png)
<use ./img/logo.png>
Package pdftex.def Info: ./img/logo.png  used on input line 424.
(pdftex.def)             Requested size: 28.45274pt x 38.37714pt.


Package fancyhdr Warning: \headheight is too small (12.0pt): 
(fancyhdr)                Make it at least 24.54048pt, for example:
(fancyhdr)                \setlength{\headheight}{24.54048pt}.
(fancyhdr)                You might also make \topmargin smaller to compensate:
(fancyhdr)                \addtolength{\topmargin}{-12.54048pt}.

[19 <./img/img31.1.png> <./img/img31.2.png> <./img/img31.3.png>]
<./img/img31.4.1.png, id=318, 1294.08469pt x 517.18219pt>
File: ./img/img31.4.1.png Graphic file (type png)
<use ./img/img31.4.1.png>
Package pdftex.def Info: ./img/img31.4.1.png  used on input line 428.
(pdftex.def)             Requested size: 369.88582pt x 147.8246pt.
<./img/img31.4.2.png, id=319, 1294.08469pt x 515.67656pt>
File: ./img/img31.4.2.png Graphic file (type png)
<use ./img/img31.4.2.png>
Package pdftex.def Info: ./img/img31.4.2.png  used on input line 432.
(pdftex.def)             Requested size: 369.88582pt x 147.39424pt.
<./img/img32.1.png, id=320, 1295.59032pt x 515.67656pt>
File: ./img/img32.1.png Graphic file (type png)
<use ./img/img32.1.png>
Package pdftex.def Info: ./img/img32.1.png  used on input line 441.
(pdftex.def)             Requested size: 369.88582pt x 147.22113pt.
File: ./img/logo.png Graphic file (type png)
<use ./img/logo.png>
Package pdftex.def Info: ./img/logo.png  used on input line 442.
(pdftex.def)             Requested size: 28.45274pt x 38.37714pt.


Package fancyhdr Warning: \headheight is too small (12.0pt): 
(fancyhdr)                Make it at least 24.54048pt, for example:
(fancyhdr)                \setlength{\headheight}{24.54048pt}.
(fancyhdr)                You might also make \topmargin smaller to compensate:
(fancyhdr)                \addtolength{\topmargin}{-12.54048pt}.

[20 <./img/img31.4.png> <./img/img31.4.1.png> <./img/img31.4.2.png>]
<./img/img32.2.png, id=330, 1296.34312pt x 518.6878pt>
File: ./img/img32.2.png Graphic file (type png)
<use ./img/img32.2.png>
Package pdftex.def Info: ./img/img32.2.png  used on input line 445.
(pdftex.def)             Requested size: 369.88582pt x 147.99376pt.
<./img/img32.3.png, id=331, 1295.59032pt x 518.6878pt>
File: ./img/img32.3.png Graphic file (type png)
<use ./img/img32.3.png>
Package pdftex.def Info: ./img/img32.3.png  used on input line 449.
(pdftex.def)             Requested size: 369.88582pt x 148.08083pt.
<./img/img33.png, id=332, 1294.8375pt x 517.18219pt>
File: ./img/img33.png Graphic file (type png)
<use ./img/img33.png>
Package pdftex.def Info: ./img/img33.png  used on input line 456.
(pdftex.def)             Requested size: 369.88582pt x 147.7378pt.
File: ./img/logo.png Graphic file (type png)
<use ./img/logo.png>
Package pdftex.def Info: ./img/logo.png  used on input line 457.
(pdftex.def)             Requested size: 28.45274pt x 38.37714pt.


Package fancyhdr Warning: \headheight is too small (12.0pt): 
(fancyhdr)                Make it at least 24.54048pt, for example:
(fancyhdr)                \setlength{\headheight}{24.54048pt}.
(fancyhdr)                You might also make \topmargin smaller to compensate:
(fancyhdr)                \addtolength{\topmargin}{-12.54048pt}.

[21 <./img/img32.1.png> <./img/img32.2.png> <./img/img32.3.png>]
<./img/img34.1.png, id=344, 1293.33188pt x 488.57532pt>
File: ./img/img34.1.png Graphic file (type png)
<use ./img/img34.1.png>
Package pdftex.def Info: ./img/img34.1.png  used on input line 463.
(pdftex.def)             Requested size: 369.88582pt x 139.72998pt.
<./img/img34.2.png, id=345, 1294.08469pt x 485.56406pt>
File: ./img/img34.2.png Graphic file (type png)
<use ./img/img34.2.png>
Package pdftex.def Info: ./img/img34.2.png  used on input line 467.
(pdftex.def)             Requested size: 369.88582pt x 138.78728pt.
<./img/img35.png, id=346, 1294.8375pt x 486.31688pt>
File: ./img/img35.png Graphic file (type png)
<use ./img/img35.png>
Package pdftex.def Info: ./img/img35.png  used on input line 474.
(pdftex.def)             Requested size: 369.88582pt x 138.92084pt.
File: ./img/logo.png Graphic file (type png)
<use ./img/logo.png>
Package pdftex.def Info: ./img/logo.png  used on input line 475.
(pdftex.def)             Requested size: 28.45274pt x 38.37714pt.


Package fancyhdr Warning: \headheight is too small (12.0pt): 
(fancyhdr)                Make it at least 24.54048pt, for example:
(fancyhdr)                \setlength{\headheight}{24.54048pt}.
(fancyhdr)                You might also make \topmargin smaller to compensate:
(fancyhdr)                \addtolength{\topmargin}{-12.54048pt}.

[22 <./img/img33.png> <./img/img34.1.png> <./img/img34.2.png>]
<./img/img36.png, id=359, 1294.08469pt x 486.31688pt>
File: ./img/img36.png Graphic file (type png)
<use ./img/img36.png>
Package pdftex.def Info: ./img/img36.png  used on input line 479.
(pdftex.def)             Requested size: 369.88582pt x 139.00246pt.
<./img/img37.png, id=360, 1294.8375pt x 487.06969pt>
File: ./img/img37.png Graphic file (type png)
<use ./img/img37.png>
Package pdftex.def Info: ./img/img37.png  used on input line 487.
(pdftex.def)             Requested size: 369.88582pt x 139.13588pt.
<./img/img38.png, id=361, 1293.33188pt x 487.8225pt>
File: ./img/img38.png Graphic file (type png)
<use ./img/img38.png>
Package pdftex.def Info: ./img/img38.png  used on input line 491.
(pdftex.def)             Requested size: 369.88582pt x 139.51468pt.
File: ./img/logo.png Graphic file (type png)
<use ./img/logo.png>
Package pdftex.def Info: ./img/logo.png  used on input line 492.
(pdftex.def)             Requested size: 28.45274pt x 38.37714pt.


Package fancyhdr Warning: \headheight is too small (12.0pt): 
(fancyhdr)                Make it at least 24.54048pt, for example:
(fancyhdr)                \setlength{\headheight}{24.54048pt}.
(fancyhdr)                You might also make \topmargin smaller to compensate:
(fancyhdr)                \addtolength{\topmargin}{-12.54048pt}.

[23 <./img/img35.png> <./img/img36.png> <./img/img37.png>]
<./img/img39.1.png, id=372, 1295.59032pt x 485.56406pt>
File: ./img/img39.1.png Graphic file (type png)
<use ./img/img39.1.png>
Package pdftex.def Info: ./img/img39.1.png  used on input line 497.
(pdftex.def)             Requested size: 369.88582pt x 138.62428pt.
<./img/img39.2.png, id=373, 1293.33188pt x 485.56406pt>
File: ./img/img39.2.png Graphic file (type png)
<use ./img/img39.2.png>
Package pdftex.def Info: ./img/img39.2.png  used on input line 501.
(pdftex.def)             Requested size: 369.88582pt x 138.86877pt.
<./img/img39.3.png, id=374, 1294.8375pt x 487.06969pt>
File: ./img/img39.3.png Graphic file (type png)
<use ./img/img39.3.png>
Package pdftex.def Info: ./img/img39.3.png  used on input line 505.
(pdftex.def)             Requested size: 369.88582pt x 139.13588pt.
File: ./img/logo.png Graphic file (type png)
<use ./img/logo.png>
Package pdftex.def Info: ./img/logo.png  used on input line 506.
(pdftex.def)             Requested size: 28.45274pt x 38.37714pt.


Package fancyhdr Warning: \headheight is too small (12.0pt): 
(fancyhdr)                Make it at least 24.54048pt, for example:
(fancyhdr)                \setlength{\headheight}{24.54048pt}.
(fancyhdr)                You might also make \topmargin smaller to compensate:
(fancyhdr)                \addtolength{\topmargin}{-12.54048pt}.

[24 <./img/img38.png> <./img/img39.1.png> <./img/img39.2.png>]
<./img/img40.png, id=384, 1294.8375pt x 487.8225pt>
File: ./img/img40.png Graphic file (type png)
<use ./img/img40.png>
Package pdftex.def Info: ./img/img40.png  used on input line 510.
(pdftex.def)             Requested size: 369.88582pt x 139.35092pt.
<./img/img41.png, id=385, 1293.33188pt x 487.8225pt>
File: ./img/img41.png Graphic file (type png)
<use ./img/img41.png>
Package pdftex.def Info: ./img/img41.png  used on input line 514.
(pdftex.def)             Requested size: 369.88582pt x 139.51468pt.
<./img/img42.png, id=386, 1295.59032pt x 487.8225pt>
File: ./img/img42.png Graphic file (type png)
<use ./img/img42.png>
Package pdftex.def Info: ./img/img42.png  used on input line 518.
(pdftex.def)             Requested size: 369.88582pt x 139.26904pt.
File: ./img/logo.png Graphic file (type png)
<use ./img/logo.png>
Package pdftex.def Info: ./img/logo.png  used on input line 519.
(pdftex.def)             Requested size: 28.45274pt x 38.37714pt.


Package fancyhdr Warning: \headheight is too small (12.0pt): 
(fancyhdr)                Make it at least 24.54048pt, for example:
(fancyhdr)                \setlength{\headheight}{24.54048pt}.
(fancyhdr)                You might also make \topmargin smaller to compensate:
(fancyhdr)                \addtolength{\topmargin}{-12.54048pt}.

[25 <./img/img39.3.png> <./img/img40.png> <./img/img41.png>]
<./img/img43.png, id=397, 1294.08469pt x 487.8225pt>
File: ./img/img43.png Graphic file (type png)
<use ./img/img43.png>
Package pdftex.def Info: ./img/img43.png  used on input line 526.
(pdftex.def)             Requested size: 369.88582pt x 139.4328pt.
<./img/img44.png, id=398, 1294.08469pt x 486.31688pt>
File: ./img/img44.png Graphic file (type png)
<use ./img/img44.png>
Package pdftex.def Info: ./img/img44.png  used on input line 530.
(pdftex.def)             Requested size: 369.88582pt x 139.00246pt.
<./img/img45.png, id=399, 1293.33188pt x 487.06969pt>
File: ./img/img45.png Graphic file (type png)
<use ./img/img45.png>
Package pdftex.def Info: ./img/img45.png  used on input line 534.
(pdftex.def)             Requested size: 369.88582pt x 139.29938pt.
File: ./img/logo.png Graphic file (type png)
<use ./img/logo.png>
Package pdftex.def Info: ./img/logo.png  used on input line 535.
(pdftex.def)             Requested size: 28.45274pt x 38.37714pt.


Package fancyhdr Warning: \headheight is too small (12.0pt): 
(fancyhdr)                Make it at least 24.54048pt, for example:
(fancyhdr)                \setlength{\headheight}{24.54048pt}.
(fancyhdr)                You might also make \topmargin smaller to compensate:
(fancyhdr)                \addtolength{\topmargin}{-12.54048pt}.

[26 <./img/img42.png> <./img/img43.png> <./img/img44.png>]
<./img/img46.png, id=410, 1294.8375pt x 485.56406pt>
File: ./img/img46.png Graphic file (type png)
<use ./img/img46.png>
Package pdftex.def Info: ./img/img46.png  used on input line 538.
(pdftex.def)             Requested size: 369.88582pt x 138.70578pt.
<./img/img47.png, id=411, 1293.33188pt x 487.06969pt>
File: ./img/img47.png Graphic file (type png)
<use ./img/img47.png>
Package pdftex.def Info: ./img/img47.png  used on input line 542.
(pdftex.def)             Requested size: 369.88582pt x 139.29938pt.
<./img/img48.png, id=412, 1294.8375pt x 487.8225pt>
File: ./img/img48.png Graphic file (type png)
<use ./img/img48.png>
Package pdftex.def Info: ./img/img48.png  used on input line 546.
(pdftex.def)             Requested size: 369.88582pt x 139.35092pt.
File: ./img/logo.png Graphic file (type png)
<use ./img/logo.png>
Package pdftex.def Info: ./img/logo.png  used on input line 547.
(pdftex.def)             Requested size: 28.45274pt x 38.37714pt.


Package fancyhdr Warning: \headheight is too small (12.0pt): 
(fancyhdr)                Make it at least 24.54048pt, for example:
(fancyhdr)                \setlength{\headheight}{24.54048pt}.
(fancyhdr)                You might also make \topmargin smaller to compensate:
(fancyhdr)                \addtolength{\topmargin}{-12.54048pt}.

[27 <./img/img45.png> <./img/img46.png> <./img/img47.png>]
<./img/img49.1.png, id=423, 1294.8375pt x 488.57532pt>
File: ./img/img49.1.png Graphic file (type png)
<use ./img/img49.1.png>
Package pdftex.def Info: ./img/img49.1.png  used on input line 550.
(pdftex.def)             Requested size: 369.88582pt x 139.56598pt.
<./img/img49.2.png, id=424, 1292.57906pt x 490.08093pt>
File: ./img/img49.2.png Graphic file (type png)
<use ./img/img49.2.png>
Package pdftex.def Info: ./img/img49.2.png  used on input line 553.
(pdftex.def)             Requested size: 369.88582pt x 140.24284pt.
File: ./img/logo.png Graphic file (type png)
<use ./img/logo.png>
Package pdftex.def Info: ./img/logo.png  used on input line 557.
(pdftex.def)             Requested size: 28.45274pt x 38.37714pt.


Package fancyhdr Warning: \headheight is too small (12.0pt): 
(fancyhdr)                Make it at least 24.54048pt, for example:
(fancyhdr)                \setlength{\headheight}{24.54048pt}.
(fancyhdr)                You might also make \topmargin smaller to compensate:
(fancyhdr)                \addtolength{\topmargin}{-12.54048pt}.

[28 <./img/img48.png> <./img/img49.1.png> <./img/img49.2.png>]
File: ./img/logo.png Graphic file (type png)
<use ./img/logo.png>
Package pdftex.def Info: ./img/logo.png  used on input line 563.
(pdftex.def)             Requested size: 28.45274pt x 38.37714pt.


Package fancyhdr Warning: \headheight is too small (12.0pt): 
(fancyhdr)                Make it at least 24.54048pt, for example:
(fancyhdr)                \setlength{\headheight}{24.54048pt}.
(fancyhdr)                You might also make \topmargin smaller to compensate:
(fancyhdr)                \addtolength{\topmargin}{-12.54048pt}.

[29] (c:\Users\abrah\OneDrive\Documents\Code\latex\L02_Lipa_Calabilla\build\Informe.aux
LaTeX Info: Redefining \. on input line 25.
LaTeX Info: Redefining \% on input line 25.
 (c:\Users\abrah\OneDrive\Documents\Code\latex\L02_Lipa_Calabilla\build\Secciones/articulo.aux))
Package rerunfilecheck Info: File `Informe.out' has not changed.
(rerunfilecheck)             Checksum: 9FFEE88BDA65207F3D03EF0EEE519E17;1247.
 ) 
Here is how much of TeX's memory you used:
 9429 strings out of 480185
 140925 string characters out of 2889015
 477576 words of memory out of 3000000
 25653 multiletter control sequences out of 15000+200000
 555167 words of font info for 61 fonts, out of 3000000 for 9000
 1141 hyphenation exceptions out of 8191
 60i,17n,66p,513b,705s stack positions out of 5000i,500n,10000p,200000b,50000s
{C:/Program Files/MiKTeX/fonts/enc/dvips/base/8r.enc}<C:/Program Files/MiKTeX/fonts/type1/public/amsfonts/cm/cmmi12.pfb><C:/Program Files/MiKTeX/fonts/type1/public/amsfonts/cm/cmr12.pfb><C:/Program Files/MiKTeX/fonts/type1/public/amsfonts/cm/cmsy10.pfb><C:/Program Files/MiKTeX/fonts/type1/urw/helvetic/uhvb8a.pfb><C:/Program Files/MiKTeX/fonts/type1/urw/helvetic/uhvbo8a.pfb><C:/Program Files/MiKTeX/fonts/type1/urw/helvetic/uhvr8a.pfb><C:/Program Files/MiKTeX/fonts/type1/urw/helvetic/uhvro8a.pfb>
Output written on c:\Users\abrah\OneDrive\Documents\Code\latex\L02_Lipa_Calabilla\build\Informe.pdf (30 pages, 5831697 bytes).
PDF statistics:
 485 PDF objects out of 1000 (max. 8388607)
 106 named destinations out of 1000 (max. 500000)
 534 words of extra memory for PDF output out of 10000 (max. 10000000)

